
==============================================
START : FUNC_BUILD_KERNEL
==============================================

build project=ms013g_eur
build common config=msm8226-sec_defconfig 
build variant config=msm8226-sec_ms013g_eur_defconfig 
build secure option= 
build SEANDROID option= 
make: Entering directory `/mnt/G7102_MM_SWA_Opensource'
  GEN     /mnt/okernel/ms013g_eur/Makefile
sound/soc/codecs/audience/Kconfig:40:warning: type of 'SND_SOC_ES_SLIM' redefined from 'boolean' to 'tristate'
sound/soc/codecs/audience/Kconfig:43:warning: type of 'SND_SOC_ES_I2C' redefined from 'boolean' to 'tristate'
sound/soc/codecs/audience/Kconfig:44:warning: choice value used outside its choice group
sound/soc/codecs/audience/Kconfig:41:warning: choice value used outside its choice group
arch/arm/configs/msm8226-sec_defconfig:224:warning: override: reassigning to symbol CFG80211_INTERNAL_REGDB
arch/arm/configs/msm8226-sec_defconfig:328:warning: override: reassigning to symbol MSM_CPP
arch/arm/configs/msm8226-sec_defconfig:494:warning: override: reassigning to symbol SWITCH
arch/arm/configs/msm8226-sec_defconfig:495:warning: override: reassigning to symbol COMPACTION
warning: (SND_SOC_MSM8226) selects DOLBY_DAP which has unmet direct dependencies (SOUND && !M68K && !UML && SND && SND_SOC && SND_SOC_MSM8974)
arch/arm/configs/selinux_defconfig:1:warning: override: reassigning to symbol EXT2_FS_XATTR
arch/arm/configs/selinux_defconfig:4:warning: override: reassigning to symbol EXT4_FS_SECURITY
arch/arm/configs/selinux_defconfig:5:warning: override: reassigning to symbol AUDIT
arch/arm/configs/selinux_defconfig:7:warning: override: reassigning to symbol SECURITY
arch/arm/configs/selinux_defconfig:8:warning: override: reassigning to symbol LSM_MMAP_MIN_ADDR
arch/arm/configs/selinux_defconfig:9:warning: override: reassigning to symbol SECURITY_NETWORK
arch/arm/configs/selinux_defconfig:10:warning: override: reassigning to symbol SECURITY_SELINUX
arch/arm/configs/selinux_defconfig:13:warning: symbol value 'y' invalid for SECURITY_SELINUX_CHECKREQPROT_VALUE
arch/arm/configs/selinux_defconfig:15:warning: override: reassigning to symbol NF_CONNTRACK_SECMARK
arch/arm/configs/selinux_defconfig:16:warning: override: reassigning to symbol NETFILTER_XT_TARGET_CONNSECMARK
arch/arm/configs/selinux_defconfig:18:warning: override: reassigning to symbol IP_NF_SECURITY
arch/arm/configs/msm8226-sec_ms013g_eur_defconfig:20:warning: override: reassigning to symbol MSM_VIDC_V4L2
arch/arm/configs/msm8226-sec_ms013g_eur_defconfig:24:warning: override: reassigning to symbol SEC_NFC_I2C
arch/arm/configs/msm8226-sec_ms013g_eur_defconfig:59:warning: override: reassigning to symbol INPUT_GPIO
arch/arm/configs/msm8226-sec_ms013g_eur_defconfig:83:warning: override: reassigning to symbol USB_ANDROID_SAMSUNG_MTP
arch/arm/configs/msm8226-sec_ms013g_eur_defconfig:113:warning: override: reassigning to symbol SEC_THERMISTOR
warning: (SND_SOC_MSM8226) selects DOLBY_DAP which has unmet direct dependencies (SOUND && !M68K && !UML && SND && SND_SOC && SND_SOC_MSM8974)
boolean symbol SND_SOC_MAX98506 tested for 'm'? test forced to 'n'
KCONFIG_SELINUX(arch/arm/configs/selinux_defconfig)
KCONFIG_LOG_SELINUX((null))
KCONFIG_TIMA((null))
KCONFIG_VARIANT(arch/arm/configs/msm8226-sec_ms013g_eur_defconfig)
KCONFIG_DEBUG((null))
#
# configuration written to .config
#
make: Leaving directory `/mnt/G7102_MM_SWA_Opensource'
make: Entering directory `/mnt/G7102_MM_SWA_Opensource'
  GEN     /mnt/okernel/ms013g_eur/Makefile
scripts/kconfig/conf --silentoldconfig Kconfig
sound/soc/codecs/audience/Kconfig:40:warning: type of 'SND_SOC_ES_SLIM' redefined from 'boolean' to 'tristate'
sound/soc/codecs/audience/Kconfig:43:warning: type of 'SND_SOC_ES_I2C' redefined from 'boolean' to 'tristate'
sound/soc/codecs/audience/Kconfig:44:warning: choice value used outside its choice group
sound/soc/codecs/audience/Kconfig:41:warning: choice value used outside its choice group
warning: (SND_SOC_MSM8226) selects DOLBY_DAP which has unmet direct dependencies (SOUND && !M68K && !UML && SND && SND_SOC && SND_SOC_MSM8974)
warning: (SND_SOC_MSM8226) selects DOLBY_DAP which has unmet direct dependencies (SOUND && !M68K && !UML && SND && SND_SOC && SND_SOC_MSM8974)
boolean symbol SND_SOC_MAX98506 tested for 'm'? test forced to 'n'
#
# configuration written to .config
#
  GEN     /mnt/okernel/ms013g_eur/Makefile
  CHK     include/linux/version.h
/mnt/G7102_MM_SWA_Opensource/drivers/gpu/gpu_sysfs/Kbuild:29: **** Make sure target file is defined. Check the TARGET and GPU configs in Makefile and Kernel Config. Module won't work without target file. ****
  Using /mnt/G7102_MM_SWA_Opensource as source for kernel
  CHK     include/generated/utsrelease.h
make[2]: Nothing to be done for `arch/arm/boot/dtbs'.
make[2]: `include/generated/mach-types.h' is up to date.
  CALL    /mnt/G7102_MM_SWA_Opensource/scripts/checksyscalls.sh
grep: /mnt/G7102_MM_SWA_Opensource/scripts/../arch/x86/syscalls/syscall_32.tbl: No such file or directory
  CHK     include/generated/compile.h
  CC      drivers/net/wireless/wcnss/wcnss_wlan.o
  CC      drivers/net/wireless/wcnss/qcomwlan_secif.o
  CC      drivers/net/wireless/wcnss/wcnss_vreg.o
  CC      drivers/net/wireless/wcnss/wcnss_prealloc.o
  CC      drivers/scsi/scsi.o
  CC      drivers/scsi/hosts.o
  CC      drivers/scsi/scsi_ioctl.o
  CC      drivers/scsi/constants.o
  CC      drivers/scsi/scsicam.o
  LD      drivers/net/wireless/wcnss/wcnsscore.o
  LD      drivers/net/wireless/wcnss/built-in.o
  LD      drivers/net/wireless/built-in.o
  LD      drivers/net/built-in.o
  CC      drivers/sensors/sensors_core.o
  CC      drivers/slimbus/slimbus.o
  CC      drivers/slimbus/slim-msm.o
  CC      drivers/sensors/hscdtd008a_i2c.o
  CC      drivers/scsi/scsi_error.o
  CC      drivers/sensors/alps-input.o
  CC      drivers/scsi/scsi_lib.o
  CC      drivers/sensors/gp2ap030.o
  CC      drivers/slimbus/slim-msm-ngd.o
  CC      drivers/spi/spi.o
  CC      drivers/sensors/bma254.o
  CC      drivers/scsi/scsi_lib_dma.o
  CC      drivers/spi/spi_qsd.o
  LD      drivers/sensors/built-in.o
  CC      drivers/spmi/spmi.o
  LD      drivers/slimbus/built-in.o
  CC [M]  drivers/spi/spidev.o
  CC      drivers/scsi/scsi_scan.o
  CC      drivers/spmi/spmi-resources.o
  CC      drivers/spmi/spmi-pmic-arb.o
  CC      drivers/spmi/qpnp-int.o
  CC      drivers/spmi/spmi-dbgfs.o
  CC      drivers/staging/staging.o
  CC      drivers/staging/android/binder.o
  CC      drivers/scsi/scsi_sysfs.o
  LD      drivers/spmi/built-in.o
  LD      drivers/staging/media/built-in.o
  LD      drivers/staging/serial/built-in.o
  CC      drivers/staging/vnswap/vnswap.o
  LD      drivers/spi/built-in.o
  CC      drivers/staging/vnswap/vnswap_sysfs.o
  CC      drivers/switch/switch_class.o
  CC      drivers/scsi/scsi_devinfo.o
  LD      drivers/staging/vnswap/built-in.o
  CC      drivers/thermal/thermal_sys.o
  LD      drivers/switch/built-in.o
  CC      drivers/thermal/msm_thermal.o
  CC      drivers/scsi/scsi_sysctl.o
  CC      drivers/scsi/scsi_proc.o
  CC      drivers/staging/android/ashmem.o
  CC      drivers/scsi/scsi_trace.o
  CC      drivers/staging/android/logger.o
  CC      drivers/scsi/scsi_pm.o
  CC      drivers/scsi/scsi_tgt_lib.o
  CC      drivers/staging/android/persistent_ram.o
  CC      drivers/thermal/msm_thermal-dev.o
  CC      drivers/staging/android/ram_console.o
  CC      drivers/thermal/msm8974-tsens.o
  CC      drivers/tty/tty_io.o
  CC      drivers/staging/android/timed_output.o
  CC      drivers/scsi/scsi_tgt_if.o
  CC      drivers/staging/android/timed_gpio.o
  CC      drivers/staging/android/lowmemorykiller.o
  CC      drivers/thermal/qpnp-temp-alarm.o
  CC      drivers/scsi/sd.o
  LD      drivers/staging/android/built-in.o
  LD      drivers/staging/built-in.o
  LD      drivers/scsi/arm/built-in.o
  CC      drivers/scsi/sg.o
  CC      drivers/thermal/qpnp-adc-tm.o
  CC      drivers/tty/n_tty.o
  LD      drivers/thermal/built-in.o
  CC      drivers/tty/tty_ioctl.o
  CC      drivers/tty/tty_ldisc.o
  CC      drivers/scsi/ch.o
  CC [M]  drivers/scsi/scsi_wait_scan.o
  CC      drivers/tty/tty_buffer.o
  LD      drivers/scsi/scsi_mod.o
  CC      drivers/tty/tty_port.o
  CC      drivers/tty/tty_mutex.o
  LD      drivers/scsi/scsi_tgt.o
  LD      drivers/scsi/sd_mod.o
  LD      drivers/scsi/built-in.o
  CC      drivers/tty/pty.o
  CC      drivers/tty/tty_audit.o
  CC      drivers/tty/sysrq.o
  LD      drivers/tty/ipwireless/built-in.o
  CC      drivers/tty/serial/serial_core.o
  CC      drivers/tty/serial/msm_serial_hs_lite.o
  CC      drivers/uio/uio.o
  CC      drivers/tty/vt/vt_ioctl.o
  CC      drivers/uio/msm_sharedmem.o
  CC      drivers/usb/class/cdc-acm.o
  LD      drivers/uio/built-in.o
  CC      drivers/usb/core/usb.o
  LD      drivers/tty/serial/built-in.o
  CC      drivers/tty/vt/vc_screen.o
  CC      drivers/video/fb_notify.o
  CC      drivers/video/fbmem.o
  CC      drivers/tty/vt/selection.o
  CC      drivers/usb/core/hub.o
  CC      drivers/usb/class/ccid_bridge.o
  CC      drivers/tty/vt/keyboard.o
  CC      drivers/video/fbmon.o
  LD      drivers/usb/class/built-in.o
  CC      drivers/video/fbcmap.o
  CC      drivers/usb/core/hcd.o
  CC      drivers/video/fbsysfs.o
  CC      drivers/tty/vt/consolemap.o
  CC      drivers/video/modedb.o
  CC      drivers/usb/gadget/udc-core.o
  CONMK   drivers/tty/vt/consolemap_deftbl.c
  CC      drivers/tty/vt/vt.o
  CC      drivers/video/fbcvt.o
  CC      drivers/usb/core/urb.o
  CC      drivers/usb/gadget/ci13xxx_msm.o
  CC      drivers/video/backlight/lcd.o
  CC      drivers/usb/core/message.o
  CC      drivers/video/backlight/backlight.o
  LD      drivers/video/backlight/built-in.o
  CC      drivers/video/console/dummycon.o
  LD      drivers/video/console/built-in.o
  CC      drivers/video/msm/mdss/mdss_dsi.o
  CC      drivers/usb/core/driver.o
  SHIPPED drivers/tty/vt/defkeymap.c
  CC      drivers/tty/vt/consolemap_deftbl.o
  CC      drivers/usb/gadget/android.o
  CC      drivers/tty/vt/defkeymap.o
  LD      drivers/tty/vt/built-in.o
  LD      drivers/tty/built-in.o
  CC      drivers/video/msm/mdss/mdss_dsi_host.o
  CC      drivers/usb/core/config.o
  CC      drivers/usb/core/file.o
  CC      drivers/usb/gadget/multi_config.o
  CC      drivers/usb/core/buffer.o
  CC      drivers/video/msm/mdss/mdss_dsi_cmd.o
  CC      drivers/usb/host/ehci-hcd.o
  CC      drivers/usb/core/sysfs.o
  CC      drivers/video/msm/mdss/mdss_dsi_status.o
  CC      drivers/usb/core/endpoint.o
  CC      drivers/video/msm/mdss/logo.o
  CC      drivers/usb/core/devio.o
  CC      drivers/video/msm/mdss/mdss_sharp_hd_dsi_panel.o
/mnt/G7102_MM_SWA_Opensource/drivers/video/msm/mdss/mdss_sharp_hd_dsi_panel.c: In function 'mdss_sharp_auto_brightness_show':
/mnt/G7102_MM_SWA_Opensource/drivers/video/msm/mdss/mdss_sharp_hd_dsi_panel.c:1272:27: warning: argument to 'sizeof' in 'snprintf' call is the same expression as the destination; did you mean to provide an explicit length? [-Wsizeof-pointer-memaccess]
  rc = snprintf(buf, sizeof(buf), "%d\n",
                           ^
  CC      drivers/usb/core/notify.o
  CC      drivers/usb/core/generic.o
  CC      drivers/usb/core/quirks.o
  CC      drivers/usb/core/devices.o
  CC      drivers/video/msm/mdss/msm_mdss_io_8974.o
  LD      drivers/usb/core/usbcore.o
  LD      drivers/usb/core/built-in.o
  CC      drivers/usb/misc/ehset.o
  CC      drivers/video/msm/mdss/mdss_mdp.o
  LD      drivers/usb/misc/built-in.o
  CC      drivers/usb/mon/mon_main.o
  LD      drivers/usb/host/built-in.o
  CC      drivers/usb/otg/otg.o
  CC      drivers/usb/otg/msm_otg.o
  CC      drivers/usb/mon/mon_stat.o
  CC      drivers/usb/mon/mon_text.o
  CC      drivers/usb/mon/mon_bin.o
  LD      drivers/usb/mon/usbmon.o
  LD      drivers/usb/mon/built-in.o
  CC      drivers/usb/serial/usb-serial.o
  CC      drivers/video/msm/mdss/mdss_mdp_ctl.o
  LD      drivers/usb/otg/built-in.o
  CC      drivers/usb/storage/alauda.o
  CC      drivers/usb/serial/generic.o
  CC      drivers/usb/storage/cypress_atacb.o
  CC      drivers/usb/serial/bus.o
  CC      drivers/usb/storage/datafab.o
  CC      drivers/usb/serial/csvt.o
  CC      drivers/video/msm/mdss/mdss_mdp_pipe.o
  LD      drivers/usb/serial/usbserial.o
  LD      drivers/usb/serial/built-in.o
  CC      drivers/usb/storage/freecom.o
  CC      drivers/usb/usb-common.o
  CC      drivers/video/msm/mdss/mdss_mdp_util.o
  CC      drivers/usb/storage/isd200.o
  LD      drivers/video/omap2/displays/built-in.o
  LD      drivers/video/omap2/built-in.o
  CC      drivers/video/cfbfillrect.o
  CC      drivers/video/msm/mdss/dsi_status_6g.o
  CC      drivers/usb/storage/jumpshot.o
  CC      drivers/video/msm/mdss/mdss_mdp_pp.o
  CC      drivers/video/cfbcopyarea.o
  CC      drivers/usb/storage/karma.o
  CC      drivers/video/cfbimgblt.o
  CC      drivers/usb/storage/onetouch.o
  CC      drivers/video/msm/mdss/mdss_mdp_intf_video.o
  CC      drivers/usb/storage/sddr09.o
  CC      drivers/video/msm/mdss/mdss_mdp_intf_cmd.o
  CC      drivers/usb/storage/sddr55.o
  CC      drivers/usb/storage/shuttle_usbat.o
  CC      drivers/video/msm/mdss/mdss_mdp_intf_writeback.o
  CC      drivers/video/msm/mdss/mdss_mdp_rotator.o
  CC      drivers/usb/storage/scsiglue.o
  CC      drivers/video/msm/mdss/mdss_mdp_overlay.o
  CC      drivers/video/msm/mdss/mdss_mdp_splash_logo.o
  CC      drivers/usb/storage/protocol.o
  CC      drivers/video/msm/mdss/mdss_mdp_wb.o
  CC      drivers/usb/storage/transport.o
  LD      drivers/video/fb.o
  CC      drivers/video/msm/mdss/mdss_debug.o
  CC      drivers/video/msm/mdss/mdss_debug_xlog.o
  CC      drivers/usb/storage/usb.o
  CC      drivers/video/msm/mdss/mdnie_tft_msm8x26.o
  CC      drivers/usb/storage/initializers.o
  CC      drivers/usb/storage/sierra_ms.o
  LD      drivers/video/msm/mdss/mdss-dsi.o
  CC      drivers/usb/storage/option_ms.o
  CC      drivers/video/msm/mdss/mdss_io_util.o
  CC      drivers/video/msm/mdss/mdss_wb.o
  CC      drivers/usb/storage/usual-tables.o
  CC      drivers/video/msm/mdss/mdss_fb.o
  LD      drivers/video/msm/mdss/mdss-mdp.o
  LD      drivers/usb/storage/ums-alauda.o
  LD      drivers/usb/storage/usb-storage.o
  LD      drivers/usb/storage/ums-cypress.o
  LD      drivers/usb/storage/ums-datafab.o
  LD      drivers/usb/storage/ums-freecom.o
  LD      drivers/usb/storage/ums-isd200.o
  LD      drivers/usb/storage/ums-jumpshot.o
  LD      drivers/usb/storage/ums-karma.o
  LD      drivers/usb/storage/ums-onetouch.o
  LD      drivers/usb/storage/ums-sddr09.o
  LD      drivers/usb/storage/ums-sddr55.o
  LD      drivers/usb/storage/ums-usbat.o
  LD      drivers/usb/storage/built-in.o
  LD      drivers/usb/gadget/g_android.o
  LD      drivers/usb/gadget/built-in.o
  LD      drivers/usb/built-in.o
  LD      drivers/video/msm/mdss/built-in.o
  LD      drivers/video/msm/built-in.o
  LD      drivers/video/built-in.o
  LD      drivers/built-in.o
  LD      vmlinux.o
  MODPOST vmlinux.o
  GEN     .version
  CHK     include/generated/compile.h
  UPD     include/generated/compile.h
  CC      init/version.o
  LD      init/built-in.o
  LD      .tmp_vmlinux1
/mnt/G7102_MM_SWA_Opensource/arm-linux-androideabi-4.9/bin/arm-linux-androideabi-ld: warning: unwinding may not work because EXIDX input section 6 of arch/arm/crypto/built-in.o is not in EXIDX output section
/mnt/G7102_MM_SWA_Opensource/arm-linux-androideabi-4.9/bin/arm-linux-androideabi-ld: warning: unwinding may not work because EXIDX input section 82 of arch/arm/mach-msm/built-in.o is not in EXIDX output section
/mnt/G7102_MM_SWA_Opensource/arm-linux-androideabi-4.9/bin/arm-linux-androideabi-ld: warning: unwinding may not work because EXIDX input section 527 of mm/built-in.o is not in EXIDX output section
/mnt/G7102_MM_SWA_Opensource/arm-linux-androideabi-4.9/bin/arm-linux-androideabi-ld: warning: unwinding may not work because EXIDX input section 1128 of fs/built-in.o is not in EXIDX output section
/mnt/G7102_MM_SWA_Opensource/arm-linux-androideabi-4.9/bin/arm-linux-androideabi-ld: warning: unwinding may not work because EXIDX input section 165 of security/built-in.o is not in EXIDX output section
/mnt/G7102_MM_SWA_Opensource/arm-linux-androideabi-4.9/bin/arm-linux-androideabi-ld: warning: unwinding may not work because EXIDX input section 51 of crypto/built-in.o is not in EXIDX output section
/mnt/G7102_MM_SWA_Opensource/arm-linux-androideabi-4.9/bin/arm-linux-androideabi-ld: warning: unwinding may not work because EXIDX input section 418 of block/built-in.o is not in EXIDX output section
/mnt/G7102_MM_SWA_Opensource/arm-linux-androideabi-4.9/bin/arm-linux-androideabi-ld: warning: unwinding may not work because EXIDX input section 288 of lib/built-in.o is not in EXIDX output section
/mnt/G7102_MM_SWA_Opensource/arm-linux-androideabi-4.9/bin/arm-linux-androideabi-ld: warning: unwinding may not work because EXIDX input section 74 of drivers/built-in.o is not in EXIDX output section
/mnt/G7102_MM_SWA_Opensource/arm-linux-androideabi-4.9/bin/arm-linux-androideabi-ld: warning: unwinding may not work because EXIDX input section 6 of sound/built-in.o is not in EXIDX output section
/mnt/G7102_MM_SWA_Opensource/arm-linux-androideabi-4.9/bin/arm-linux-androideabi-ld: warning: unwinding may not work because EXIDX input section 858 of net/built-in.o is not in EXIDX output section
drivers/built-in.o:radio-iris.c:function iris_fops_open: error: undefined reference to 'radio_hci_smd_init'
make[1]: *** [.tmp_vmlinux1] Error 1
make: *** [sub-make] Error 2
make: Leaving directory `/mnt/G7102_MM_SWA_Opensource'
